
=== [2025-08-19 07:59:01] Starting deploy ===
[deploy] APP_DIR=/var/www/html/employee_portal_nextjs/employee_portal_nextjs  BRANCH=main  PM2_ID=21  PM2_NAME=employee_portal_nextjs
[deploy] Fetching latest code...
[deploy] Resetting to origin/main...
HEAD is now at 878d28e fix: valid React component names for change-password & id-card
[deploy] Installing dependencies (npm ci)...

added 236 packages, and audited 237 packages in 6s

28 packages are looking for funding
  run `npm fund` for details

found 0 vulnerabilities
[deploy] Building app...

> dashboard@0.1.0 build
> next build

   â–² Next.js 15.3.4
   - Environments: .env.production

   Linting and checking validity of types ...
   Creating an optimized production build ...
Failed to compile.

./src/pages/employee/change-password.js
Error:   [31mx[0m Expected '(', got '-'
   ,-[[36;1;4m/var/www/html/employee_portal_nextjs/employee_portal_nextjs/src/pages/employee/change-password.js[0m:3:1]
 [2m1[0m | import React from 'react'
 [2m2[0m | 
 [2m3[0m | function change-password() {
   : [35;1m               ^[0m
 [2m4[0m |   return (
 [2m5[0m |     <div>change-password</div>
 [2m6[0m |   )
   `----

Caused by:
    Syntax Error

Import trace for requested module:
./src/pages/employee/change-password.js

./src/pages/employee/id-card.js
Error:   [31mx[0m Expected '(', got '-'
   ,-[[36;1;4m/var/www/html/employee_portal_nextjs/employee_portal_nextjs/src/pages/employee/id-card.js[0m:3:1]
 [2m1[0m | import React from 'react'
 [2m2[0m | 
 [2m3[0m | function id-card() {
   : [35;1m           ^[0m
 [2m4[0m |   return (
 [2m5[0m |     <div>id-card</div>
 [2m6[0m |   )
   `----

Caused by:
    Syntax Error

Import trace for requested module:
./src/pages/employee/id-card.js


> Build failed because of webpack errors

=== [2025-08-19 08:05:44] Starting deploy ===
[deploy] APP_DIR=/var/www/html/employee_portal_nextjs/employee_portal_nextjs  BRANCH=main  PM2_ID=21  PM2_NAME=employee_portal_nextjs
[deploy] Fetching latest code...
From https://github.com/itteammobilogi/employee_portal_nextjs
   878d28e..6e86485  main       -> origin/main
[deploy] Resetting to origin/main...
HEAD is now at 6e86485 removing component
[deploy] Installing dependencies (npm ci)...

added 236 packages, and audited 237 packages in 6s

28 packages are looking for funding
  run `npm fund` for details

found 0 vulnerabilities
[deploy] Building app...

> dashboard@0.1.0 build
> next build

   â–² Next.js 15.3.4
   - Environments: .env.production

   Linting and checking validity of types ...
   Creating an optimized production build ...
 âœ“ Compiled successfully in 1000ms
   Collecting page data ...
   Generating static pages (0/39) ...
   Generating static pages (9/39) 
   Generating static pages (19/39) 
   Generating static pages (29/39) 
 âœ“ Generating static pages (39/39)
   Finalizing page optimization ...
   Collecting build traces ...

Route (pages)                                Size  First Load JS
â”Œ â—‹ /                                     5.49 kB         104 kB
â”œ   â”” css/f30152c0704fba31.css              608 B
â”œ   /_app                                     0 B        98.5 kB
â”œ â—‹ /404                                    195 B        98.7 kB
â”œ â—‹ /admin/attendance                      5.9 kB         104 kB
â”œ â—‹ /admin/attendance/employee/[id]       10.9 kB         112 kB
â”œ â—‹ /admin/dashboard (307 ms)              104 kB         213 kB
â”œ â—‹ /admin/employees                       5.1 kB         104 kB
â”œ â—‹ /admin/employees/salary               4.06 kB         103 kB
â”œ â—‹ /admin/finance/dashboard              2.67 kB         101 kB
â”œ â—‹ /admin/holiday                          285 B        98.8 kB
â”œ â—‹ /admin/holiday/holiday (458 ms)       13.2 kB         112 kB
â”œ   â”” css/72313199b7132b63.css              752 B
â”œ â—‹ /admin/leaves/leave                   3.87 kB         102 kB
â”œ â—‹ /admin/payroll                        4.03 kB         105 kB
â”œ â—‹ /admin/payroll/payroll                  287 B        98.8 kB
â”œ Æ’ /api/hello                                0 B        98.5 kB
â”œ â—‹ /employee/attendance                    287 B        98.8 kB
â”œ â—‹ /employee/changePassword                295 B        98.8 kB
â”œ â—‹ /employee/dashboard                   16.1 kB         115 kB
â”œ â—‹ /employee/directory                   1.18 kB         103 kB
â”œ â—‹ /employee/expenses                    4.18 kB         122 kB
â”œ â—‹ /employee/holidays                      287 B        98.8 kB
â”œ â—‹ /employee/idCard                        288 B        98.8 kB
â”œ â—‹ /employee/leaves                      4.58 kB         103 kB
â”œ â—‹ /employee/payroll (466 ms)            5.77 kB         595 kB
â”œ â—‹ /employee/performance                   287 B        98.8 kB
â”œ â—‹ /employee/profile                     1.59 kB         103 kB
â”œ â—‹ /finance/dashboard (466 ms)            161 kB         752 kB
â”œ â—‹ /hr/dashboard                         4.83 kB         103 kB
â”œ â—‹ /hr/employees                         3.57 kB         102 kB
â”œ â—‹ /hr/leaves                            2.67 kB         101 kB
â”œ â—‹ /login (466 ms)                       2.55 kB         137 kB
â”œ â—‹ /logout                                 999 B        99.5 kB
â”œ â—‹ /manager/dashboard                    4.64 kB         103 kB
â”œ â—‹ /manager/employee/leave               4.47 kB         103 kB
â”œ â—‹ /manager/employee/payroll             4.94 kB         139 kB
â”œ â—‹ /manager/expense                      4.12 kB         122 kB
â”œ â—‹ /manager/holiday                      2.67 kB         101 kB
â”œ â—‹ /manager/leaves                         284 B        98.8 kB
â”œ â—‹ /manager/reviews                      3.15 kB         104 kB
â”” â—‹ /manager/team                         5.29 kB         106 kB
+ First Load JS shared by all              107 kB
  â”œ chunks/framework-d33e0fe36067854f.js  57.7 kB
  â”œ chunks/main-2c8c0b1013a5befa.js       34.2 kB
  â”” other shared chunks (total)           15.1 kB

â—‹  (Static)   prerendered as static content
Æ’  (Dynamic)  server-rendered on demand

[deploy] Restarting with PM2...
Use --update-env to update environment variables
[PM2] Applying action restartProcessId on app [21](ids: [ '21' ])
[PM2] [employee_portal_nextjs](21) âœ“
â”Œâ”€â”€â”€â”€â”¬â”€â”€â”€â”€â”€â”€â”€â”€â”€â”€â”€â”€â”€â”€â”€â”€â”€â”€â”€â”€â”€â”€â”€â”€â”€â”€â”€â”¬â”€â”€â”€â”€â”€â”€â”€â”€â”€â”€â”€â”€â”€â”¬â”€â”€â”€â”€â”€â”€â”€â”€â”€â”¬â”€â”€â”€â”€â”€â”€â”€â”€â”€â”¬â”€â”€â”€â”€â”€â”€â”€â”€â”€â”€â”¬â”€â”€â”€â”€â”€â”€â”€â”€â”¬â”€â”€â”€â”€â”€â”€â”¬â”€â”€â”€â”€â”€â”€â”€â”€â”€â”€â”€â”¬â”€â”€â”€â”€â”€â”€â”€â”€â”€â”€â”¬â”€â”€â”€â”€â”€â”€â”€â”€â”€â”€â”¬â”€â”€â”€â”€â”€â”€â”€â”€â”€â”€â”¬â”€â”€â”€â”€â”€â”€â”€â”€â”€â”€â”
â”‚ id â”‚ name                      â”‚ namespace   â”‚ version â”‚ mode    â”‚ pid      â”‚ uptime â”‚ â†º    â”‚ status    â”‚ cpu      â”‚ mem      â”‚ user     â”‚ watching â”‚
â”œâ”€â”€â”€â”€â”¼â”€â”€â”€â”€â”€â”€â”€â”€â”€â”€â”€â”€â”€â”€â”€â”€â”€â”€â”€â”€â”€â”€â”€â”€â”€â”€â”€â”¼â”€â”€â”€â”€â”€â”€â”€â”€â”€â”€â”€â”€â”€â”¼â”€â”€â”€â”€â”€â”€â”€â”€â”€â”¼â”€â”€â”€â”€â”€â”€â”€â”€â”€â”¼â”€â”€â”€â”€â”€â”€â”€â”€â”€â”€â”¼â”€â”€â”€â”€â”€â”€â”€â”€â”¼â”€â”€â”€â”€â”€â”€â”¼â”€â”€â”€â”€â”€â”€â”€â”€â”€â”€â”€â”¼â”€â”€â”€â”€â”€â”€â”€â”€â”€â”€â”¼â”€â”€â”€â”€â”€â”€â”€â”€â”€â”€â”¼â”€â”€â”€â”€â”€â”€â”€â”€â”€â”€â”¼â”€â”€â”€â”€â”€â”€â”€â”€â”€â”€â”¤
â”‚ 9  â”‚ -sosInternationalAPI      â”‚ default     â”‚ 1.0.0   â”‚ fork    â”‚ 4059715  â”‚ 27D    â”‚ 318  â”‚ online    â”‚ 0%       â”‚ 77.2mb   â”‚ root     â”‚ disabled â”‚
â”‚ 1  â”‚ alakbar_node              â”‚ default     â”‚ 1.0.0   â”‚ fork    â”‚ 0        â”‚ 0      â”‚ 0    â”‚ stopped   â”‚ 0%       â”‚ 0b       â”‚ root     â”‚ disabled â”‚
â”‚ 4  â”‚ alakbar_ondc_node         â”‚ default     â”‚ 1.0.0   â”‚ fork    â”‚ 3096744  â”‚ 2M     â”‚ 25   â”‚ online    â”‚ 0%       â”‚ 87.3mb   â”‚ root     â”‚ disabled â”‚
â”‚ 12 â”‚ bysuktowordpress          â”‚ default     â”‚ N/A     â”‚ fork    â”‚ 313415   â”‚ 11D    â”‚ 0    â”‚ online    â”‚ 0%       â”‚ 65.0mb   â”‚ root     â”‚ disabled â”‚
â”‚ 10 â”‚ employee-portal-node      â”‚ default     â”‚ 1.0.0   â”‚ fork    â”‚ 433709   â”‚ 6D     â”‚ 72   â”‚ online    â”‚ 0%       â”‚ 112.4mb  â”‚ root     â”‚ disabled â”‚
â”‚ 21 â”‚ employee_portal_nextjs    â”‚ default     â”‚ 15.3.4  â”‚ fork    â”‚ 697767   â”‚ 0s     â”‚ 153  â”‚ online    â”‚ 0%       â”‚ 17.3mb   â”‚ root     â”‚ disabled â”‚
â”‚ 2  â”‚ index                     â”‚ default     â”‚ 1.0.0   â”‚ fork    â”‚ 0        â”‚ 0      â”‚ 0    â”‚ stopped   â”‚ 0%       â”‚ 0b       â”‚ root     â”‚ disabled â”‚
â”‚ 3  â”‚ index                     â”‚ default     â”‚ 1.0.0   â”‚ fork    â”‚ 0        â”‚ 0      â”‚ 0    â”‚ stopped   â”‚ 0%       â”‚ 0b       â”‚ root     â”‚ disabled â”‚
â”‚ 8  â”‚ nextjs-app                â”‚ default     â”‚ 15.3.3  â”‚ fork    â”‚ 3109477  â”‚ 2M     â”‚ 45   â”‚ online    â”‚ 0%       â”‚ 131.1mb  â”‚ root     â”‚ disabled â”‚
â”‚ 5  â”‚ ondc_frontend             â”‚ default     â”‚ N/A     â”‚ fork    â”‚ 2582942  â”‚ 3M     â”‚ 38   â”‚ online    â”‚ 0%       â”‚ 72.2mb   â”‚ root     â”‚ disabled â”‚
â”‚ 0  â”‚ sms_api                   â”‚ default     â”‚ 1.0.0   â”‚ fork    â”‚ 2840739  â”‚ 2M     â”‚ 1    â”‚ online    â”‚ 0%       â”‚ 77.1mb   â”‚ root     â”‚ disabled â”‚
â”‚ 23 â”‚ wordpresstextremover      â”‚ default     â”‚ N/A     â”‚ fork    â”‚ 439378   â”‚ 6D     â”‚ 4    â”‚ online    â”‚ 0%       â”‚ 5.1gb    â”‚ root     â”‚ disabled â”‚
â””â”€â”€â”€â”€â”´â”€â”€â”€â”€â”€â”€â”€â”€â”€â”€â”€â”€â”€â”€â”€â”€â”€â”€â”€â”€â”€â”€â”€â”€â”€â”€â”€â”´â”€â”€â”€â”€â”€â”€â”€â”€â”€â”€â”€â”€â”€â”´â”€â”€â”€â”€â”€â”€â”€â”€â”€â”´â”€â”€â”€â”€â”€â”€â”€â”€â”€â”´â”€â”€â”€â”€â”€â”€â”€â”€â”€â”€â”´â”€â”€â”€â”€â”€â”€â”€â”€â”´â”€â”€â”€â”€â”€â”€â”´â”€â”€â”€â”€â”€â”€â”€â”€â”€â”€â”€â”´â”€â”€â”€â”€â”€â”€â”€â”€â”€â”€â”´â”€â”€â”€â”€â”€â”€â”€â”€â”€â”€â”´â”€â”€â”€â”€â”€â”€â”€â”€â”€â”€â”´â”€â”€â”€â”€â”€â”€â”€â”€â”€â”€â”˜
[PM2] Saving current process list...
[PM2] Successfully saved in /root/.pm2/dump.pm2
=== [2025-08-19 08:06:07] DeployÂ completeÂ ===

=== [2025-08-19 08:13:30] Starting deploy ===
[deploy] APP_DIR=/var/www/html/employee_portal_nextjs/employee_portal_nextjs  BRANCH=main  PM2_ID=21  PM2_NAME=employee_portal_nextjs
[deploy] Fetching latest code...
From https://github.com/itteammobilogi/employee_portal_nextjs
   6e86485..1def656  main       -> origin/main
[deploy] Resetting to origin/main...
HEAD is now at 1def656 changes
[deploy] Installing dependencies (npm ci)...

added 236 packages, and audited 237 packages in 6s

28 packages are looking for funding
  run `npm fund` for details

found 0 vulnerabilities
[deploy] Building app...

> dashboard@0.1.0 build
> next build

   â–² Next.js 15.3.4
   - Environments: .env.production

   Linting and checking validity of types ...
   Creating an optimized production build ...
 âœ“ Compiled successfully in 3.0s
   Collecting page data ...
   Generating static pages (0/39) ...
   Generating static pages (9/39) 
   Generating static pages (19/39) 
   Generating static pages (29/39) 
 âœ“ Generating static pages (39/39)
   Finalizing page optimization ...
   Collecting build traces ...

Route (pages)                                Size  First Load JS
â”Œ â—‹ /                                       319 B        98.8 kB
â”œ   /_app                                     0 B        98.5 kB
â”œ â—‹ /404                                    195 B        98.7 kB
â”œ â—‹ /admin/attendance                     6.37 kB         105 kB
â”œ â—‹ /admin/attendance/employee/[id]       10.9 kB         112 kB
â”œ â—‹ /admin/dashboard (340 ms)              104 kB         213 kB
â”œ â—‹ /admin/employees                       5.6 kB         104 kB
â”œ â—‹ /admin/employees/salary               4.53 kB         103 kB
â”œ â—‹ /admin/finance/dashboard              2.67 kB         101 kB
â”œ â—‹ /admin/holiday                          285 B        98.8 kB
â”œ â—‹ /admin/holiday/holiday (474 ms)       13.7 kB         112 kB
â”œ   â”” css/72313199b7132b63.css              752 B
â”œ â—‹ /admin/leaves/leave                   4.34 kB         103 kB
â”œ â—‹ /admin/payroll                        4.13 kB         105 kB
â”œ â—‹ /admin/payroll/payroll                  287 B        98.8 kB
â”œ Æ’ /api/hello                                0 B        98.5 kB
â”œ â—‹ /employee/attendance                  5.29 kB         104 kB
â”œ â—‹ /employee/changePassword                295 B        98.8 kB
â”œ â—‹ /employee/dashboard                   16.6 kB         115 kB
â”œ â—‹ /employee/directory                   1.18 kB         103 kB
â”œ â—‹ /employee/expenses                    4.65 kB         122 kB
â”œ â—‹ /employee/holidays                      287 B        98.8 kB
â”œ â—‹ /employee/idCard                        288 B        98.8 kB
â”œ â—‹ /employee/leaves                      5.05 kB         104 kB
â”œ â—‹ /employee/payroll (480 ms)            6.25 kB         596 kB
â”œ â—‹ /employee/performance                   287 B        98.8 kB
â”œ â—‹ /employee/profile                      1.6 kB         104 kB
â”œ â—‹ /finance/dashboard (479 ms)            161 kB         753 kB
â”œ â—‹ /hr/dashboard                          5.3 kB         104 kB
â”œ â—‹ /hr/employees                         4.05 kB         103 kB
â”œ â—‹ /hr/leaves                            2.67 kB         101 kB
â”œ â—‹ /login                                3.04 kB         137 kB
â”œ â—‹ /logout                                 999 B        99.5 kB
â”œ â—‹ /manager/dashboard                    5.11 kB         104 kB
â”œ â—‹ /manager/employee/leave               4.93 kB         103 kB
â”œ â—‹ /manager/employee/payroll (480 ms)    5.41 kB         140 kB
â”œ â—‹ /manager/expense                       4.6 kB         122 kB
â”œ â—‹ /manager/holiday                      2.67 kB         101 kB
â”œ â—‹ /manager/leaves                         284 B        98.8 kB
â”œ â—‹ /manager/reviews                      3.15 kB         104 kB
â”” â—‹ /manager/team                         5.87 kB         107 kB
+ First Load JS shared by all              107 kB
  â”œ chunks/framework-d33e0fe36067854f.js  57.7 kB
  â”œ chunks/main-2c8c0b1013a5befa.js       34.2 kB
  â”” other shared chunks (total)           14.8 kB

â—‹  (Static)   prerendered as static content
Æ’  (Dynamic)  server-rendered on demand

[deploy] Restarting with PM2...
Use --update-env to update environment variables
[PM2] Applying action restartProcessId on app [21](ids: [ '21' ])
[PM2] [employee_portal_nextjs](21) âœ“
â”Œâ”€â”€â”€â”€â”¬â”€â”€â”€â”€â”€â”€â”€â”€â”€â”€â”€â”€â”€â”€â”€â”€â”€â”€â”€â”€â”€â”€â”€â”€â”€â”€â”€â”¬â”€â”€â”€â”€â”€â”€â”€â”€â”€â”€â”€â”€â”€â”¬â”€â”€â”€â”€â”€â”€â”€â”€â”€â”¬â”€â”€â”€â”€â”€â”€â”€â”€â”€â”¬â”€â”€â”€â”€â”€â”€â”€â”€â”€â”€â”¬â”€â”€â”€â”€â”€â”€â”€â”€â”¬â”€â”€â”€â”€â”€â”€â”¬â”€â”€â”€â”€â”€â”€â”€â”€â”€â”€â”€â”¬â”€â”€â”€â”€â”€â”€â”€â”€â”€â”€â”¬â”€â”€â”€â”€â”€â”€â”€â”€â”€â”€â”¬â”€â”€â”€â”€â”€â”€â”€â”€â”€â”€â”¬â”€â”€â”€â”€â”€â”€â”€â”€â”€â”€â”
â”‚ id â”‚ name                      â”‚ namespace   â”‚ version â”‚ mode    â”‚ pid      â”‚ uptime â”‚ â†º    â”‚ status    â”‚ cpu      â”‚ mem      â”‚ user     â”‚ watching â”‚
â”œâ”€â”€â”€â”€â”¼â”€â”€â”€â”€â”€â”€â”€â”€â”€â”€â”€â”€â”€â”€â”€â”€â”€â”€â”€â”€â”€â”€â”€â”€â”€â”€â”€â”¼â”€â”€â”€â”€â”€â”€â”€â”€â”€â”€â”€â”€â”€â”¼â”€â”€â”€â”€â”€â”€â”€â”€â”€â”¼â”€â”€â”€â”€â”€â”€â”€â”€â”€â”¼â”€â”€â”€â”€â”€â”€â”€â”€â”€â”€â”¼â”€â”€â”€â”€â”€â”€â”€â”€â”¼â”€â”€â”€â”€â”€â”€â”¼â”€â”€â”€â”€â”€â”€â”€â”€â”€â”€â”€â”¼â”€â”€â”€â”€â”€â”€â”€â”€â”€â”€â”¼â”€â”€â”€â”€â”€â”€â”€â”€â”€â”€â”¼â”€â”€â”€â”€â”€â”€â”€â”€â”€â”€â”¼â”€â”€â”€â”€â”€â”€â”€â”€â”€â”€â”¤
â”‚ 9  â”‚ -sosInternationalAPI      â”‚ default     â”‚ 1.0.0   â”‚ fork    â”‚ 4059715  â”‚ 27D    â”‚ 318  â”‚ online    â”‚ 0%       â”‚ 77.3mb   â”‚ root     â”‚ disabled â”‚
â”‚ 1  â”‚ alakbar_node              â”‚ default     â”‚ 1.0.0   â”‚ fork    â”‚ 0        â”‚ 0      â”‚ 0    â”‚ stopped   â”‚ 0%       â”‚ 0b       â”‚ root     â”‚ disabled â”‚
â”‚ 4  â”‚ alakbar_ondc_node         â”‚ default     â”‚ 1.0.0   â”‚ fork    â”‚ 3096744  â”‚ 2M     â”‚ 25   â”‚ online    â”‚ 0%       â”‚ 87.0mb   â”‚ root     â”‚ disabled â”‚
â”‚ 12 â”‚ bysuktowordpress          â”‚ default     â”‚ N/A     â”‚ fork    â”‚ 313415   â”‚ 11D    â”‚ 0    â”‚ online    â”‚ 0%       â”‚ 65.0mb   â”‚ root     â”‚ disabled â”‚
â”‚ 10 â”‚ employee-portal-node      â”‚ default     â”‚ 1.0.0   â”‚ fork    â”‚ 433709   â”‚ 6D     â”‚ 72   â”‚ online    â”‚ 0%       â”‚ 111.7mb  â”‚ root     â”‚ disabled â”‚
â”‚ 21 â”‚ employee_portal_nextjs    â”‚ default     â”‚ 15.3.4  â”‚ fork    â”‚ 698676   â”‚ 0s     â”‚ 155  â”‚ online    â”‚ 0%       â”‚ 16.9mb   â”‚ root     â”‚ disabled â”‚
â”‚ 2  â”‚ index                     â”‚ default     â”‚ 1.0.0   â”‚ fork    â”‚ 0        â”‚ 0      â”‚ 0    â”‚ stopped   â”‚ 0%       â”‚ 0b       â”‚ root     â”‚ disabled â”‚
â”‚ 3  â”‚ index                     â”‚ default     â”‚ 1.0.0   â”‚ fork    â”‚ 0        â”‚ 0      â”‚ 0    â”‚ stopped   â”‚ 0%       â”‚ 0b       â”‚ root     â”‚ disabled â”‚
â”‚ 8  â”‚ nextjs-app                â”‚ default     â”‚ 15.3.3  â”‚ fork    â”‚ 3109477  â”‚ 2M     â”‚ 45   â”‚ online    â”‚ 0%       â”‚ 130.2mb  â”‚ root     â”‚ disabled â”‚
â”‚ 5  â”‚ ondc_frontend             â”‚ default     â”‚ N/A     â”‚ fork    â”‚ 2582942  â”‚ 3M     â”‚ 38   â”‚ online    â”‚ 0%       â”‚ 72.1mb   â”‚ root     â”‚ disabled â”‚
â”‚ 0  â”‚ sms_api                   â”‚ default     â”‚ 1.0.0   â”‚ fork    â”‚ 2840739  â”‚ 2M     â”‚ 1    â”‚ online    â”‚ 0%       â”‚ 76.4mb   â”‚ root     â”‚ disabled â”‚
â”‚ 23 â”‚ wordpresstextremover      â”‚ default     â”‚ N/A     â”‚ fork    â”‚ 439378   â”‚ 6D     â”‚ 4    â”‚ online    â”‚ 0%       â”‚ 5.1gb    â”‚ root     â”‚ disabled â”‚
â””â”€â”€â”€â”€â”´â”€â”€â”€â”€â”€â”€â”€â”€â”€â”€â”€â”€â”€â”€â”€â”€â”€â”€â”€â”€â”€â”€â”€â”€â”€â”€â”€â”´â”€â”€â”€â”€â”€â”€â”€â”€â”€â”€â”€â”€â”€â”´â”€â”€â”€â”€â”€â”€â”€â”€â”€â”´â”€â”€â”€â”€â”€â”€â”€â”€â”€â”´â”€â”€â”€â”€â”€â”€â”€â”€â”€â”€â”´â”€â”€â”€â”€â”€â”€â”€â”€â”´â”€â”€â”€â”€â”€â”€â”´â”€â”€â”€â”€â”€â”€â”€â”€â”€â”€â”€â”´â”€â”€â”€â”€â”€â”€â”€â”€â”€â”€â”´â”€â”€â”€â”€â”€â”€â”€â”€â”€â”€â”´â”€â”€â”€â”€â”€â”€â”€â”€â”€â”€â”´â”€â”€â”€â”€â”€â”€â”€â”€â”€â”€â”˜
[PM2] Saving current process list...
[PM2] Successfully saved in /root/.pm2/dump.pm2
=== [2025-08-19 08:13:55] DeployÂ completeÂ ===

=== [2025-08-19 08:24:30] Starting deploy ===
[deploy] APP_DIR=/var/www/html/employee_portal_nextjs/employee_portal_nextjs  BRANCH=main  PM2_ID=21  PM2_NAME=employee_portal_nextjs
[deploy] Fetching latest code...
From https://github.com/itteammobilogi/employee_portal_nextjs
   1def656..7f4fdfe  main       -> origin/main
[deploy] Resetting to origin/main...
HEAD is now at 7f4fdfe changes
[deploy] Installing dependencies (npm ci)...

added 236 packages, and audited 237 packages in 6s

28 packages are looking for funding
  run `npm fund` for details

found 0 vulnerabilities
[deploy] Building app...

> dashboard@0.1.0 build
> next build

   â–² Next.js 15.3.4
   - Environments: .env.production

   Linting and checking validity of types ...
   Creating an optimized production build ...
 âœ“ Compiled successfully in 2000ms
   Collecting page data ...
   Generating static pages (0/39) ...
   Generating static pages (9/39) 
   Generating static pages (19/39) 
   Generating static pages (29/39) 
 âœ“ Generating static pages (39/39)
   Finalizing page optimization ...
   Collecting build traces ...

Route (pages)                                Size  First Load JS
â”Œ â—‹ /                                       319 B        98.8 kB
â”œ   /_app                                     0 B        98.5 kB
â”œ â—‹ /404                                    195 B        98.7 kB
â”œ â—‹ /admin/attendance                     6.36 kB         105 kB
â”œ â—‹ /admin/attendance/employee/[id]       10.9 kB         112 kB
â”œ â—‹ /admin/dashboard (302 ms)              104 kB         213 kB
â”œ â—‹ /admin/employees                      5.59 kB         104 kB
â”œ â—‹ /admin/employees/salary               4.52 kB         103 kB
â”œ â—‹ /admin/finance/dashboard              2.67 kB         101 kB
â”œ â—‹ /admin/holiday                          285 B        98.8 kB
â”œ â—‹ /admin/holiday/holiday (433 ms)       13.7 kB         112 kB
â”œ   â”” css/72313199b7132b63.css              752 B
â”œ â—‹ /admin/leaves/leave                   4.34 kB         103 kB
â”œ â—‹ /admin/payroll                        4.13 kB         105 kB
â”œ â—‹ /admin/payroll/payroll                  287 B        98.8 kB
â”œ Æ’ /api/hello                                0 B        98.5 kB
â”œ â—‹ /employee/attendance                  5.29 kB         104 kB
â”œ â—‹ /employee/changePassword                295 B        98.8 kB
â”œ â—‹ /employee/dashboard                   16.6 kB         115 kB
â”œ â—‹ /employee/directory                   1.18 kB         103 kB
â”œ â—‹ /employee/expenses                    4.64 kB         122 kB
â”œ â—‹ /employee/holidays                      287 B        98.8 kB
â”œ â—‹ /employee/idCard                        288 B        98.8 kB
â”œ â—‹ /employee/leaves                      5.04 kB         104 kB
â”œ â—‹ /employee/payroll (440 ms)            6.24 kB         596 kB
â”œ â—‹ /employee/performance                   287 B        98.8 kB
â”œ â—‹ /employee/profile                      1.6 kB         104 kB
â”œ â—‹ /finance/dashboard (439 ms)            161 kB         753 kB
â”œ â—‹ /hr/dashboard                          5.3 kB         104 kB
â”œ â—‹ /hr/employees                         4.04 kB         103 kB
â”œ â—‹ /hr/leaves                            2.67 kB         101 kB
â”œ â—‹ /login (440 ms)                       3.03 kB         137 kB
â”œ â—‹ /logout                                 999 B        99.5 kB
â”œ â—‹ /manager/dashboard                     5.1 kB         104 kB
â”œ â—‹ /manager/employee/leave               4.92 kB         103 kB
â”œ â—‹ /manager/employee/payroll             5.41 kB         140 kB
â”œ â—‹ /manager/expense                      4.59 kB         122 kB
â”œ â—‹ /manager/holiday                      2.67 kB         101 kB
â”œ â—‹ /manager/leaves                         284 B        98.8 kB
â”œ â—‹ /manager/reviews                      3.15 kB         104 kB
â”” â—‹ /manager/team                         5.87 kB         107 kB
+ First Load JS shared by all              107 kB
  â”œ chunks/framework-d33e0fe36067854f.js  57.7 kB
  â”œ chunks/main-2c8c0b1013a5befa.js       34.2 kB
  â”” other shared chunks (total)           14.8 kB

â—‹  (Static)   prerendered as static content
Æ’  (Dynamic)  server-rendered on demand

[deploy] Restarting with PM2...
Use --update-env to update environment variables
[PM2] Applying action restartProcessId on app [21](ids: [ '21' ])
[PM2] [employee_portal_nextjs](21) âœ“
â”Œâ”€â”€â”€â”€â”¬â”€â”€â”€â”€â”€â”€â”€â”€â”€â”€â”€â”€â”€â”€â”€â”€â”€â”€â”€â”€â”€â”€â”€â”€â”€â”€â”€â”¬â”€â”€â”€â”€â”€â”€â”€â”€â”€â”€â”€â”€â”€â”¬â”€â”€â”€â”€â”€â”€â”€â”€â”€â”¬â”€â”€â”€â”€â”€â”€â”€â”€â”€â”¬â”€â”€â”€â”€â”€â”€â”€â”€â”€â”€â”¬â”€â”€â”€â”€â”€â”€â”€â”€â”¬â”€â”€â”€â”€â”€â”€â”¬â”€â”€â”€â”€â”€â”€â”€â”€â”€â”€â”€â”¬â”€â”€â”€â”€â”€â”€â”€â”€â”€â”€â”¬â”€â”€â”€â”€â”€â”€â”€â”€â”€â”€â”¬â”€â”€â”€â”€â”€â”€â”€â”€â”€â”€â”¬â”€â”€â”€â”€â”€â”€â”€â”€â”€â”€â”
â”‚ id â”‚ name                      â”‚ namespace   â”‚ version â”‚ mode    â”‚ pid      â”‚ uptime â”‚ â†º    â”‚ status    â”‚ cpu      â”‚ mem      â”‚ user     â”‚ watching â”‚
â”œâ”€â”€â”€â”€â”¼â”€â”€â”€â”€â”€â”€â”€â”€â”€â”€â”€â”€â”€â”€â”€â”€â”€â”€â”€â”€â”€â”€â”€â”€â”€â”€â”€â”¼â”€â”€â”€â”€â”€â”€â”€â”€â”€â”€â”€â”€â”€â”¼â”€â”€â”€â”€â”€â”€â”€â”€â”€â”¼â”€â”€â”€â”€â”€â”€â”€â”€â”€â”¼â”€â”€â”€â”€â”€â”€â”€â”€â”€â”€â”¼â”€â”€â”€â”€â”€â”€â”€â”€â”¼â”€â”€â”€â”€â”€â”€â”¼â”€â”€â”€â”€â”€â”€â”€â”€â”€â”€â”€â”¼â”€â”€â”€â”€â”€â”€â”€â”€â”€â”€â”¼â”€â”€â”€â”€â”€â”€â”€â”€â”€â”€â”¼â”€â”€â”€â”€â”€â”€â”€â”€â”€â”€â”¼â”€â”€â”€â”€â”€â”€â”€â”€â”€â”€â”¤
â”‚ 9  â”‚ -sosInternationalAPI      â”‚ default     â”‚ 1.0.0   â”‚ fork    â”‚ 4059715  â”‚ 27D    â”‚ 318  â”‚ online    â”‚ 0%       â”‚ 78.0mb   â”‚ root     â”‚ disabled â”‚
â”‚ 1  â”‚ alakbar_node              â”‚ default     â”‚ 1.0.0   â”‚ fork    â”‚ 0        â”‚ 0      â”‚ 0    â”‚ stopped   â”‚ 0%       â”‚ 0b       â”‚ root     â”‚ disabled â”‚
â”‚ 4  â”‚ alakbar_ondc_node         â”‚ default     â”‚ 1.0.0   â”‚ fork    â”‚ 3096744  â”‚ 2M     â”‚ 25   â”‚ online    â”‚ 0%       â”‚ 87.1mb   â”‚ root     â”‚ disabled â”‚
â”‚ 12 â”‚ bysuktowordpress          â”‚ default     â”‚ N/A     â”‚ fork    â”‚ 313415   â”‚ 12D    â”‚ 0    â”‚ online    â”‚ 0%       â”‚ 65.0mb   â”‚ root     â”‚ disabled â”‚
â”‚ 10 â”‚ employee-portal-node      â”‚ default     â”‚ 1.0.0   â”‚ fork    â”‚ 433709   â”‚ 6D     â”‚ 72   â”‚ online    â”‚ 0%       â”‚ 112.1mb  â”‚ root     â”‚ disabled â”‚
â”‚ 21 â”‚ employee_portal_nextjs    â”‚ default     â”‚ 15.3.4  â”‚ fork    â”‚ 699655   â”‚ 0s     â”‚ 158  â”‚ online    â”‚ 0%       â”‚ 13.0mb   â”‚ root     â”‚ disabled â”‚
â”‚ 2  â”‚ index                     â”‚ default     â”‚ 1.0.0   â”‚ fork    â”‚ 0        â”‚ 0      â”‚ 0    â”‚ stopped   â”‚ 0%       â”‚ 0b       â”‚ root     â”‚ disabled â”‚
â”‚ 3  â”‚ index                     â”‚ default     â”‚ 1.0.0   â”‚ fork    â”‚ 0        â”‚ 0      â”‚ 0    â”‚ stopped   â”‚ 0%       â”‚ 0b       â”‚ root     â”‚ disabled â”‚
â”‚ 8  â”‚ nextjs-app                â”‚ default     â”‚ 15.3.3  â”‚ fork    â”‚ 3109477  â”‚ 2M     â”‚ 45   â”‚ online    â”‚ 0%       â”‚ 130.3mb  â”‚ root     â”‚ disabled â”‚
â”‚ 5  â”‚ ondc_frontend             â”‚ default     â”‚ N/A     â”‚ fork    â”‚ 2582942  â”‚ 3M     â”‚ 38   â”‚ online    â”‚ 0%       â”‚ 73.0mb   â”‚ root     â”‚ disabled â”‚
â”‚ 0  â”‚ sms_api                   â”‚ default     â”‚ 1.0.0   â”‚ fork    â”‚ 2840739  â”‚ 2M     â”‚ 1    â”‚ online    â”‚ 0%       â”‚ 76.9mb   â”‚ root     â”‚ disabled â”‚
â”‚ 23 â”‚ wordpresstextremover      â”‚ default     â”‚ N/A     â”‚ fork    â”‚ 439378   â”‚ 6D     â”‚ 4    â”‚ online    â”‚ 0%       â”‚ 5.1gb    â”‚ root     â”‚ disabled â”‚
â””â”€â”€â”€â”€â”´â”€â”€â”€â”€â”€â”€â”€â”€â”€â”€â”€â”€â”€â”€â”€â”€â”€â”€â”€â”€â”€â”€â”€â”€â”€â”€â”€â”´â”€â”€â”€â”€â”€â”€â”€â”€â”€â”€â”€â”€â”€â”´â”€â”€â”€â”€â”€â”€â”€â”€â”€â”´â”€â”€â”€â”€â”€â”€â”€â”€â”€â”´â”€â”€â”€â”€â”€â”€â”€â”€â”€â”€â”´â”€â”€â”€â”€â”€â”€â”€â”€â”´â”€â”€â”€â”€â”€â”€â”´â”€â”€â”€â”€â”€â”€â”€â”€â”€â”€â”€â”´â”€â”€â”€â”€â”€â”€â”€â”€â”€â”€â”´â”€â”€â”€â”€â”€â”€â”€â”€â”€â”€â”´â”€â”€â”€â”€â”€â”€â”€â”€â”€â”€â”´â”€â”€â”€â”€â”€â”€â”€â”€â”€â”€â”˜
[PM2] Saving current process list...
[PM2] Successfully saved in /root/.pm2/dump.pm2
=== [2025-08-19 08:24:53] DeployÂ completeÂ ===

=== [2025-08-19 08:25:23] Starting deploy ===
[deploy] APP_DIR=/var/www/html/employee_portal_nextjs/employee_portal_nextjs  BRANCH=main  PM2_ID=21  PM2_NAME=employee_portal_nextjs
[deploy] Fetching latest code...
[deploy] Resetting to origin/main...
HEAD is now at 7f4fdfe changes
[deploy] Installing dependencies (npm ci)...

added 236 packages, and audited 237 packages in 7s

28 packages are looking for funding
  run `npm fund` for details

found 0 vulnerabilities
[deploy] Building app...

> dashboard@0.1.0 build
> next build

   â–² Next.js 15.3.4
   - Environments: .env.production

   Linting and checking validity of types ...
   Creating an optimized production build ...
 âœ“ Compiled successfully in 1000ms
   Collecting page data ...
   Generating static pages (0/39) ...
   Generating static pages (9/39) 
   Generating static pages (19/39) 
   Generating static pages (29/39) 
 âœ“ Generating static pages (39/39)
   Finalizing page optimization ...
   Collecting build traces ...

Route (pages)                                Size  First Load JS
â”Œ â—‹ /                                       319 B        98.8 kB
â”œ   /_app                                     0 B        98.5 kB
â”œ â—‹ /404                                    195 B        98.7 kB
â”œ â—‹ /admin/attendance                     6.36 kB         105 kB
â”œ â—‹ /admin/attendance/employee/[id]       10.9 kB         112 kB
â”œ â—‹ /admin/dashboard                       104 kB         213 kB
â”œ â—‹ /admin/employees                      5.59 kB         104 kB
â”œ â—‹ /admin/employees/salary               4.52 kB         103 kB
â”œ â—‹ /admin/finance/dashboard              2.67 kB         101 kB
â”œ â—‹ /admin/holiday                          285 B        98.8 kB
â”œ â—‹ /admin/holiday/holiday (432 ms)       13.7 kB         112 kB
â”œ   â”” css/72313199b7132b63.css              752 B
â”œ â—‹ /admin/leaves/leave                   4.34 kB         103 kB
â”œ â—‹ /admin/payroll                        4.13 kB         105 kB
â”œ â—‹ /admin/payroll/payroll                  287 B        98.8 kB
â”œ Æ’ /api/hello                                0 B        98.5 kB
â”œ â—‹ /employee/attendance                  5.29 kB         104 kB
â”œ â—‹ /employee/changePassword                295 B        98.8 kB
â”œ â—‹ /employee/dashboard                   16.6 kB         115 kB
â”œ â—‹ /employee/directory                   1.18 kB         103 kB
â”œ â—‹ /employee/expenses                    4.64 kB         122 kB
â”œ â—‹ /employee/holidays                      287 B        98.8 kB
â”œ â—‹ /employee/idCard                        288 B        98.8 kB
â”œ â—‹ /employee/leaves                      5.04 kB         104 kB
â”œ â—‹ /employee/payroll (438 ms)            6.24 kB         596 kB
â”œ â—‹ /employee/performance                   287 B        98.8 kB
â”œ â—‹ /employee/profile                      1.6 kB         104 kB
â”œ â—‹ /finance/dashboard (438 ms)            161 kB         753 kB
â”œ â—‹ /hr/dashboard                          5.3 kB         104 kB
â”œ â—‹ /hr/employees                         4.04 kB         103 kB
â”œ â—‹ /hr/leaves                            2.67 kB         101 kB
â”œ â—‹ /login (438 ms)                       3.03 kB         137 kB
â”œ â—‹ /logout                                 999 B        99.5 kB
â”œ â—‹ /manager/dashboard                     5.1 kB         104 kB
â”œ â—‹ /manager/employee/leave               4.92 kB         103 kB
â”œ â—‹ /manager/employee/payroll             5.41 kB         140 kB
â”œ â—‹ /manager/expense                      4.59 kB         122 kB
â”œ â—‹ /manager/holiday                      2.67 kB         101 kB
â”œ â—‹ /manager/leaves                         284 B        98.8 kB
â”œ â—‹ /manager/reviews                      3.15 kB         104 kB
â”” â—‹ /manager/team                         5.87 kB         107 kB
+ First Load JS shared by all              107 kB
  â”œ chunks/framework-d33e0fe36067854f.js  57.7 kB
  â”œ chunks/main-2c8c0b1013a5befa.js       34.2 kB
  â”” other shared chunks (total)           14.8 kB

â—‹  (Static)   prerendered as static content
Æ’  (Dynamic)  server-rendered on demand

[deploy] Restarting with PM2...
Use --update-env to update environment variables
[PM2] Applying action restartProcessId on app [21](ids: [ '21' ])
[PM2] [employee_portal_nextjs](21) âœ“
â”Œâ”€â”€â”€â”€â”¬â”€â”€â”€â”€â”€â”€â”€â”€â”€â”€â”€â”€â”€â”€â”€â”€â”€â”€â”€â”€â”€â”€â”€â”€â”€â”€â”€â”¬â”€â”€â”€â”€â”€â”€â”€â”€â”€â”€â”€â”€â”€â”¬â”€â”€â”€â”€â”€â”€â”€â”€â”€â”¬â”€â”€â”€â”€â”€â”€â”€â”€â”€â”¬â”€â”€â”€â”€â”€â”€â”€â”€â”€â”€â”¬â”€â”€â”€â”€â”€â”€â”€â”€â”¬â”€â”€â”€â”€â”€â”€â”¬â”€â”€â”€â”€â”€â”€â”€â”€â”€â”€â”€â”¬â”€â”€â”€â”€â”€â”€â”€â”€â”€â”€â”¬â”€â”€â”€â”€â”€â”€â”€â”€â”€â”€â”¬â”€â”€â”€â”€â”€â”€â”€â”€â”€â”€â”¬â”€â”€â”€â”€â”€â”€â”€â”€â”€â”€â”
â”‚ id â”‚ name                      â”‚ namespace   â”‚ version â”‚ mode    â”‚ pid      â”‚ uptime â”‚ â†º    â”‚ status    â”‚ cpu      â”‚ mem      â”‚ user     â”‚ watching â”‚
â”œâ”€â”€â”€â”€â”¼â”€â”€â”€â”€â”€â”€â”€â”€â”€â”€â”€â”€â”€â”€â”€â”€â”€â”€â”€â”€â”€â”€â”€â”€â”€â”€â”€â”¼â”€â”€â”€â”€â”€â”€â”€â”€â”€â”€â”€â”€â”€â”¼â”€â”€â”€â”€â”€â”€â”€â”€â”€â”¼â”€â”€â”€â”€â”€â”€â”€â”€â”€â”¼â”€â”€â”€â”€â”€â”€â”€â”€â”€â”€â”¼â”€â”€â”€â”€â”€â”€â”€â”€â”¼â”€â”€â”€â”€â”€â”€â”¼â”€â”€â”€â”€â”€â”€â”€â”€â”€â”€â”€â”¼â”€â”€â”€â”€â”€â”€â”€â”€â”€â”€â”¼â”€â”€â”€â”€â”€â”€â”€â”€â”€â”€â”¼â”€â”€â”€â”€â”€â”€â”€â”€â”€â”€â”¼â”€â”€â”€â”€â”€â”€â”€â”€â”€â”€â”¤
â”‚ 9  â”‚ -sosInternationalAPI      â”‚ default     â”‚ 1.0.0   â”‚ fork    â”‚ 4059715  â”‚ 27D    â”‚ 318  â”‚ online    â”‚ 0%       â”‚ 77.4mb   â”‚ root     â”‚ disabled â”‚
â”‚ 1  â”‚ alakbar_node              â”‚ default     â”‚ 1.0.0   â”‚ fork    â”‚ 0        â”‚ 0      â”‚ 0    â”‚ stopped   â”‚ 0%       â”‚ 0b       â”‚ root     â”‚ disabled â”‚
â”‚ 4  â”‚ alakbar_ondc_node         â”‚ default     â”‚ 1.0.0   â”‚ fork    â”‚ 3096744  â”‚ 2M     â”‚ 25   â”‚ online    â”‚ 0%       â”‚ 86.9mb   â”‚ root     â”‚ disabled â”‚
â”‚ 12 â”‚ bysuktowordpress          â”‚ default     â”‚ N/A     â”‚ fork    â”‚ 313415   â”‚ 12D    â”‚ 0    â”‚ online    â”‚ 0%       â”‚ 65.0mb   â”‚ root     â”‚ disabled â”‚
â”‚ 10 â”‚ employee-portal-node      â”‚ default     â”‚ 1.0.0   â”‚ fork    â”‚ 433709   â”‚ 6D     â”‚ 72   â”‚ online    â”‚ 0%       â”‚ 112.5mb  â”‚ root     â”‚ disabled â”‚
â”‚ 21 â”‚ employee_portal_nextjs    â”‚ default     â”‚ 15.3.4  â”‚ fork    â”‚ 700108   â”‚ 0s     â”‚ 160  â”‚ online    â”‚ 0%       â”‚ 17.0mb   â”‚ root     â”‚ disabled â”‚
â”‚ 2  â”‚ index                     â”‚ default     â”‚ 1.0.0   â”‚ fork    â”‚ 0        â”‚ 0      â”‚ 0    â”‚ stopped   â”‚ 0%       â”‚ 0b       â”‚ root     â”‚ disabled â”‚
â”‚ 3  â”‚ index                     â”‚ default     â”‚ 1.0.0   â”‚ fork    â”‚ 0        â”‚ 0      â”‚ 0    â”‚ stopped   â”‚ 0%       â”‚ 0b       â”‚ root     â”‚ disabled â”‚
â”‚ 8  â”‚ nextjs-app                â”‚ default     â”‚ 15.3.3  â”‚ fork    â”‚ 3109477  â”‚ 2M     â”‚ 45   â”‚ online    â”‚ 0%       â”‚ 130.5mb  â”‚ root     â”‚ disabled â”‚
â”‚ 5  â”‚ ondc_frontend             â”‚ default     â”‚ N/A     â”‚ fork    â”‚ 2582942  â”‚ 3M     â”‚ 38   â”‚ online    â”‚ 0%       â”‚ 72.6mb   â”‚ root     â”‚ disabled â”‚
â”‚ 0  â”‚ sms_api                   â”‚ default     â”‚ 1.0.0   â”‚ fork    â”‚ 2840739  â”‚ 2M     â”‚ 1    â”‚ online    â”‚ 0%       â”‚ 76.5mb   â”‚ root     â”‚ disabled â”‚
â”‚ 23 â”‚ wordpresstextremover      â”‚ default     â”‚ N/A     â”‚ fork    â”‚ 439378   â”‚ 6D     â”‚ 4    â”‚ online    â”‚ 0%       â”‚ 5.1gb    â”‚ root     â”‚ disabled â”‚
â””â”€â”€â”€â”€â”´â”€â”€â”€â”€â”€â”€â”€â”€â”€â”€â”€â”€â”€â”€â”€â”€â”€â”€â”€â”€â”€â”€â”€â”€â”€â”€â”€â”´â”€â”€â”€â”€â”€â”€â”€â”€â”€â”€â”€â”€â”€â”´â”€â”€â”€â”€â”€â”€â”€â”€â”€â”´â”€â”€â”€â”€â”€â”€â”€â”€â”€â”´â”€â”€â”€â”€â”€â”€â”€â”€â”€â”€â”´â”€â”€â”€â”€â”€â”€â”€â”€â”´â”€â”€â”€â”€â”€â”€â”´â”€â”€â”€â”€â”€â”€â”€â”€â”€â”€â”€â”´â”€â”€â”€â”€â”€â”€â”€â”€â”€â”€â”´â”€â”€â”€â”€â”€â”€â”€â”€â”€â”€â”´â”€â”€â”€â”€â”€â”€â”€â”€â”€â”€â”´â”€â”€â”€â”€â”€â”€â”€â”€â”€â”€â”˜
[PM2] Saving current process list...
[PM2] Successfully saved in /root/.pm2/dump.pm2
=== [2025-08-19 08:25:46] DeployÂ completeÂ ===
